<?xml version="1.0" encoding="UTF-8"?>
<!-- Generated by org.testng.reporters.JUnitReportReporter -->
<testsuite hostname="NilkantPersonal" failures="0" tests="1" name="OOPs.ChildClass" time="0.009" errors="0" timestamp="2024-05-13T12:26:26 EDT" skipped="0">
  <testcase classname="OOPs.ChildClass" name="childMethod1" time="0.009"/>
  <system-out/>
</testsuite> <!-- OOPs.ChildClass -->
